<?xml version="1.0" encoding="UTF-8"?>
<!-- Generated by org.testng.reporters.JUnitXMLReporter -->
<testsuite ignored="0" hostname="DESKTOP-SRU0R49" failures="0" tests="10" name="Default test" time="207.462" errors="0" timestamp="2025-06-16T16:13:29 EET">
  <testcase classname="MyTests.MainTestCases" name="HomepageAccessibility" time="0.17"/>
  <testcase classname="MyTests.MainTestCases" name="ProductSearchFunctionality" time="4.521"/>
  <testcase classname="MyTests.MainTestCases" name="ViewingProductDetails" time="16.228"/>
  <testcase classname="MyTests.MainTestCases" name="PrivacyPolicyAccessibility" time="4.642"/>
  <testcase classname="MyTests.MainTestCases" name="FilteringSearchResults" time="3.201"/>
  <testcase classname="MyTests.MainTestCases" name="AddingProductstoCart" time="96.941"/>
  <testcase classname="MyTests.MainTestCases" name="ViewingandModifyingtheShoppingCart" time="29.208"/>
  <testcase classname="MyTests.MainTestCases" name="ProceedingtoCheckout" time="14.767"/>
  <testcase classname="MyTests.MainTestCases" name="LanguageSwitchFunctionlity" time="30.912"/>
  <testcase classname="MyTests.MainTestCases" name="LogoandInfoVisibility" time="2.119"/>
</testsuite> <!-- Default test -->
