<?xml version="1.0" encoding="UTF-8"?>
<!-- Generated by org.testng.reporters.JUnitXMLReporter -->
<testsuite ignored="0" hostname="DESKTOP-SRU0R49" failures="0" tests="10" name="Default test" time="198.751" errors="0" timestamp="2025-06-23T22:14:35 EET">
  <testcase classname="MyTests.MainTestCases" name="HomepageAccessibility" time="3.144"/>
  <testcase classname="MyTests.MainTestCases" name="ProductSearchFunctionality" time="7.401"/>
  <testcase classname="MyTests.MainTestCases" name="ViewingProductDetails" time="21.757"/>
  <testcase classname="MyTests.MainTestCases" name="PrivacyPolicyAccessibility" time="7.2"/>
  <testcase classname="MyTests.MainTestCases" name="FilteringSearchResults" time="10.62"/>
  <testcase classname="MyTests.MainTestCases" name="AddingProductstoCart" time="81.133"/>
  <testcase classname="MyTests.MainTestCases" name="ViewingandModifyingtheShoppingCart" time="33.066"/>
  <testcase classname="MyTests.MainTestCases" name="ProceedingtoCheckout" time="10.388"/>
  <testcase classname="MyTests.MainTestCases" name="LanguageSwitchFunctionlity" time="15.353"/>
  <testcase classname="MyTests.MainTestCases" name="LogoandInfoVisibility" time="2.113"/>
</testsuite> <!-- Default test -->
