<?xml version="1.0" encoding="UTF-8"?>
<testng-results ignored="0" total="10" passed="10" failed="0" skipped="0">
  <reporter-output>
  </reporter-output>
  <suite started-at="2025-06-16T16:10:01 EET" name="Default suite" finished-at="2025-06-16T16:13:29 EET" duration-ms="207462">
    <groups>
    </groups>
    <test started-at="2025-06-16T16:10:01 EET" name="Default test" finished-at="2025-06-16T16:13:29 EET" duration-ms="207462">
      <class name="MyTests.MainTestCases">
        <test-method is-config="true" signature="SetUp()[pri:0, instance:MyTests.MainTestCases@77b14724]" started-at="2025-06-16T16:10:01 EET" name="SetUp" finished-at="2025-06-16T16:10:06 EET" duration-ms="4694" status="PASS">
          <reporter-output>
          </reporter-output>
        </test-method> <!-- SetUp -->
        <test-method signature="HomepageAccessibility()[pri:1, instance:MyTests.MainTestCases@77b14724]" started-at="2025-06-16T16:10:06 EET" name="HomepageAccessibility" finished-at="2025-06-16T16:10:06 EET" duration-ms="170" status="PASS">
          <reporter-output>
          </reporter-output>
        </test-method> <!-- HomepageAccessibility -->
        <test-method signature="ProductSearchFunctionality()[pri:2, instance:MyTests.MainTestCases@77b14724]" started-at="2025-06-16T16:10:06 EET" name="ProductSearchFunctionality" finished-at="2025-06-16T16:10:11 EET" duration-ms="4521" status="PASS">
          <reporter-output>
          </reporter-output>
        </test-method> <!-- ProductSearchFunctionality -->
        <test-method signature="ViewingProductDetails()[pri:3, instance:MyTests.MainTestCases@77b14724]" started-at="2025-06-16T16:10:11 EET" name="ViewingProductDetails" finished-at="2025-06-16T16:10:27 EET" duration-ms="16228" status="PASS">
          <reporter-output>
          </reporter-output>
        </test-method> <!-- ViewingProductDetails -->
        <test-method signature="PrivacyPolicyAccessibility()[pri:4, instance:MyTests.MainTestCases@77b14724]" started-at="2025-06-16T16:10:27 EET" name="PrivacyPolicyAccessibility" finished-at="2025-06-16T16:10:32 EET" duration-ms="4642" status="PASS">
          <reporter-output>
          </reporter-output>
        </test-method> <!-- PrivacyPolicyAccessibility -->
        <test-method signature="FilteringSearchResults()[pri:5, instance:MyTests.MainTestCases@77b14724]" started-at="2025-06-16T16:10:32 EET" name="FilteringSearchResults" finished-at="2025-06-16T16:10:35 EET" duration-ms="3201" status="PASS">
          <reporter-output>
          </reporter-output>
        </test-method> <!-- FilteringSearchResults -->
        <test-method signature="AddingProductstoCart()[pri:6, instance:MyTests.MainTestCases@77b14724]" started-at="2025-06-16T16:10:35 EET" name="AddingProductstoCart" finished-at="2025-06-16T16:12:12 EET" duration-ms="96941" status="PASS">
          <reporter-output>
          </reporter-output>
        </test-method> <!-- AddingProductstoCart -->
        <test-method signature="ViewingandModifyingtheShoppingCart()[pri:7, instance:MyTests.MainTestCases@77b14724]" started-at="2025-06-16T16:12:12 EET" name="ViewingandModifyingtheShoppingCart" finished-at="2025-06-16T16:12:41 EET" duration-ms="29208" status="PASS">
          <reporter-output>
          </reporter-output>
        </test-method> <!-- ViewingandModifyingtheShoppingCart -->
        <test-method signature="ProceedingtoCheckout()[pri:8, instance:MyTests.MainTestCases@77b14724]" started-at="2025-06-16T16:12:41 EET" name="ProceedingtoCheckout" finished-at="2025-06-16T16:12:56 EET" duration-ms="14767" status="PASS">
          <reporter-output>
          </reporter-output>
        </test-method> <!-- ProceedingtoCheckout -->
        <test-method signature="LanguageSwitchFunctionlity()[pri:9, instance:MyTests.MainTestCases@77b14724]" started-at="2025-06-16T16:12:56 EET" name="LanguageSwitchFunctionlity" finished-at="2025-06-16T16:13:27 EET" duration-ms="30912" status="PASS">
          <reporter-output>
          </reporter-output>
        </test-method> <!-- LanguageSwitchFunctionlity -->
        <test-method signature="LogoandInfoVisibility()[pri:10, instance:MyTests.MainTestCases@77b14724]" started-at="2025-06-16T16:13:27 EET" name="LogoandInfoVisibility" finished-at="2025-06-16T16:13:29 EET" duration-ms="2119" status="PASS">
          <reporter-output>
          </reporter-output>
        </test-method> <!-- LogoandInfoVisibility -->
      </class> <!-- MyTests.MainTestCases -->
    </test> <!-- Default test -->
  </suite> <!-- Default suite -->
</testng-results>
